<?xml version="1.0" encoding="UTF-8"?>
<testsuite name="listener.homework.HistoryListenerTest" tests="1" skipped="0" failures="0" errors="0" timestamp="2023-04-27T09:08:02" hostname="DESKTOP-2L7R8M3" time="0.05">
  <properties/>
  <testcase name="listenerTest()" classname="listener.homework.HistoryListenerTest" time="0.05"/>
  <system-out><![CDATA[]]></system-out>
  <system-err><![CDATA[]]></system-err>
</testsuite>
